This file contains any messages produced by compilers while
running configure, to aid debugging if configure makes a mistake.

It was created by reconfit configure 1.0, which was
generated by GNU Autoconf 2.68.  Invocation command line was

  $ ./configure --prefix=/Users/shultz/jlab LIBS=-lblas -llapack -lgfortran -lpthread --with-itpp=/Users/shultz/jlab CFLAGS=-O3 -fargument-noalias-global -finline-limit=50000 -funroll-all-loops -fpeel-loops -march=nocona -fopenmp -DUSE_OMP CXXFLAGS=-O3 -fargument-noalias-global -finline-limit=50000 -funroll-all-loops -fpeel-loops -march=nocona -fopenmp -DUSE_OMP

## --------- ##
## Platform. ##
## --------- ##

hostname = dhcp-172-23-243-125.odu.edu
uname -m = i386
uname -r = 10.6.0
uname -s = Darwin
uname -v = Darwin Kernel Version 10.6.0: Wed Nov 10 18:13:17 PST 2010; root:xnu-1504.9.26~3/RELEASE_I386

/usr/bin/uname -p = i386
/bin/uname -X     = unknown

/bin/arch              = unknown
/usr/bin/arch -k       = unknown
/usr/convex/getsysinfo = unknown
/usr/bin/hostinfo      = Mach kernel version:
	 Darwin Kernel Version 10.6.0: Wed Nov 10 18:13:17 PST 2010; root:xnu-1504.9.26~3/RELEASE_I386
Kernel configured for up to 4 processors.
2 processors are physically available.
4 processors are logically available.
Processor type: i486 (Intel 80486)
Processors active: 0 1 2 3
Primary memory available: 8.00 gigabytes
Default processor set: 69 tasks, 289 threads, 4 processors
Load average: 0.20, Mach factor: 3.79
/bin/machine           = unknown
/usr/bin/oslevel       = unknown
/bin/universe          = unknown

PATH: /opt/local/bin
PATH: /opt/local/sbin
PATH: /usr/bin
PATH: /bin
PATH: /usr/sbin
PATH: /sbin
PATH: /usr/local/bin
PATH: /opt/X11/bin
PATH: /usr/local/git/bin
PATH: /usr/texbin
PATH: /usr/X11/bin
PATH: /sw/bin
PATH: /sw/include
PATH: /Users/shultz/jlab/bin
PATH: /Users/shultz/jlab/include
PATH: /Users/shultz/jlab/toys/axis
PATH: /Users/shultz/jlab/toys/ensbc


## ----------- ##
## Core tests. ##
## ----------- ##

configure:1967: checking for g++
configure:1983: found /usr/bin/g++
configure:1994: result: g++
configure:2021: checking for C++ compiler version
configure:2030: g++ --version >&5
i686-apple-darwin10-g++-4.2.1 (GCC) 4.2.1 (Apple Inc. build 5664)
Copyright (C) 2007 Free Software Foundation, Inc.
This is free software; see the source for copying conditions.  There is NO
warranty; not even for MERCHANTABILITY or FITNESS FOR A PARTICULAR PURPOSE.

configure:2041: $? = 0
configure:2030: g++ -v >&5
Using built-in specs.
Target: i686-apple-darwin10
Configured with: /var/tmp/gcc/gcc-5664~89/src/configure --disable-checking --enable-werror --prefix=/usr --mandir=/share/man --enable-languages=c,objc,c++,obj-c++ --program-transform-name=/^[cg][^.-]*$/s/$/-4.2/ --with-slibdir=/usr/lib --build=i686-apple-darwin10 --program-prefix=i686-apple-darwin10- --host=x86_64-apple-darwin10 --target=i686-apple-darwin10 --with-gxx-include-dir=/include/c++/4.2.1
Thread model: posix
gcc version 4.2.1 (Apple Inc. build 5664)
configure:2041: $? = 0
configure:2030: g++ -V >&5
g++-4.2: argument to `-V' is missing
configure:2041: $? = 1
configure:2030: g++ -qversion >&5
i686-apple-darwin10-g++-4.2.1: no input files
configure:2041: $? = 1
configure:2061: checking whether the C++ compiler works
configure:2083: g++ -O3 -fargument-noalias-global -finline-limit=50000 -funroll-all-loops -fpeel-loops -march=nocona -fopenmp -DUSE_OMP   conftest.cpp -lblas -llapack -lgfortran -lpthread >&5
configure:2087: $? = 0
configure:2135: result: yes
configure:2138: checking for C++ compiler default output file name
configure:2140: result: a.out
configure:2146: checking for suffix of executables
configure:2153: g++ -o conftest -O3 -fargument-noalias-global -finline-limit=50000 -funroll-all-loops -fpeel-loops -march=nocona -fopenmp -DUSE_OMP   conftest.cpp -lblas -llapack -lgfortran -lpthread >&5
configure:2157: $? = 0
configure:2179: result: 
configure:2201: checking whether we are cross compiling
configure:2209: g++ -o conftest -O3 -fargument-noalias-global -finline-limit=50000 -funroll-all-loops -fpeel-loops -march=nocona -fopenmp -DUSE_OMP   conftest.cpp -lblas -llapack -lgfortran -lpthread >&5
configure:2213: $? = 0
configure:2220: ./conftest
configure:2224: $? = 0
configure:2239: result: no
configure:2244: checking for suffix of object files
configure:2266: g++ -c -O3 -fargument-noalias-global -finline-limit=50000 -funroll-all-loops -fpeel-loops -march=nocona -fopenmp -DUSE_OMP  conftest.cpp >&5
configure:2270: $? = 0
configure:2291: result: o
configure:2295: checking whether we are using the GNU C++ compiler
configure:2314: g++ -c -O3 -fargument-noalias-global -finline-limit=50000 -funroll-all-loops -fpeel-loops -march=nocona -fopenmp -DUSE_OMP  conftest.cpp >&5
configure:2314: $? = 0
configure:2323: result: yes
configure:2332: checking whether g++ accepts -g
configure:2352: g++ -c -g  conftest.cpp >&5
configure:2352: $? = 0
configure:2393: result: yes
configure:2470: checking for gcc
configure:2486: found /usr/bin/gcc
configure:2497: result: gcc
configure:2528: checking for C compiler version
configure:2537: gcc --version >&5
i686-apple-darwin10-gcc-4.2.1 (GCC) 4.2.1 (Apple Inc. build 5664)
Copyright (C) 2007 Free Software Foundation, Inc.
This is free software; see the source for copying conditions.  There is NO
warranty; not even for MERCHANTABILITY or FITNESS FOR A PARTICULAR PURPOSE.

configure:2548: $? = 0
configure:2537: gcc -v >&5
Using built-in specs.
Target: i686-apple-darwin10
Configured with: /var/tmp/gcc/gcc-5664~89/src/configure --disable-checking --enable-werror --prefix=/usr --mandir=/share/man --enable-languages=c,objc,c++,obj-c++ --program-transform-name=/^[cg][^.-]*$/s/$/-4.2/ --with-slibdir=/usr/lib --build=i686-apple-darwin10 --program-prefix=i686-apple-darwin10- --host=x86_64-apple-darwin10 --target=i686-apple-darwin10 --with-gxx-include-dir=/include/c++/4.2.1
Thread model: posix
gcc version 4.2.1 (Apple Inc. build 5664)
configure:2548: $? = 0
configure:2537: gcc -V >&5
gcc-4.2: argument to `-V' is missing
configure:2548: $? = 1
configure:2537: gcc -qversion >&5
i686-apple-darwin10-gcc-4.2.1: no input files
configure:2548: $? = 1
configure:2552: checking whether we are using the GNU C compiler
configure:2571: gcc -c -O3 -fargument-noalias-global -finline-limit=50000 -funroll-all-loops -fpeel-loops -march=nocona -fopenmp -DUSE_OMP  conftest.c >&5
configure:2571: $? = 0
configure:2580: result: yes
configure:2589: checking whether gcc accepts -g
configure:2609: gcc -c -g  conftest.c >&5
configure:2609: $? = 0
configure:2650: result: yes
configure:2667: checking for gcc option to accept ISO C89
configure:2731: gcc  -c -O3 -fargument-noalias-global -finline-limit=50000 -funroll-all-loops -fpeel-loops -march=nocona -fopenmp -DUSE_OMP  conftest.c >&5
configure:2731: $? = 0
configure:2744: result: none needed
configure:2807: checking for ranlib
configure:2823: found /usr/bin/ranlib
configure:2834: result: ranlib
configure:2872: checking for a BSD-compatible install
configure:2940: result: /usr/bin/install -c
configure:2951: checking whether build environment is sane
configure:2988: result: yes
configure:3050: checking for gawk
configure:3066: found /sw/bin/gawk
configure:3077: result: gawk
configure:3088: checking whether make sets $(MAKE)
configure:3110: result: yes
configure:3140: checking for style of include used by make
configure:3168: result: GNU
configure:3354: checking dependency style of gcc
configure:3444: result: gcc3
configure:3463: checking dependency style of g++
configure:3553: result: gcc3
configure:3584: checking for adat-config
configure:3602: found /Users/shultz/jlab/bin/adat-config
configure:3614: result: /Users/shultz/jlab/bin/adat-config
configure:3670: Found ADAT configuration program /Users/shultz/jlab/bin/adat-config
configure:3674: ADAT compiler: g++
configure:3678: ADAT compile flags: -O3 -fargument-noalias-global -finline-limit=50000 -funroll-all-loops -fpeel-loops -march=nocona -fopenmp -DUSE_OMP -I/Users/shultz/jlab/include -I/usr/include/libxml2
configure:3682: ADAT linking flags: -L/Users/shultz/jlab/lib
configure:3686: ADAT libraries flags: -ladat -lfiledb -lfilehash -lXPathReader -lxmlWriter -lMinuit2Base -lxml2 -lz -lpthread -licucore -lm -lblas -llapack -lgfortran -lpthread
configure:3689: checking if we can compile/link a simple adat program
configure:3730: g++ -o conftest -O3 -fargument-noalias-global -finline-limit=50000 -funroll-all-loops -fpeel-loops -march=nocona -fopenmp -DUSE_OMP -O3 -fargument-noalias-global -finline-limit=50000 -funroll-all-loops -fpeel-loops -march=nocona -fopenmp -DUSE_OMP -I/Users/shultz/jlab/include -I/usr/include/libxml2   -L/Users/shultz/jlab/lib conftest.cpp -lblas -llapack -lgfortran -lpthread -ladat -lfiledb -lfilehash -lXPathReader -lxmlWriter -lMinuit2Base -lxml2 -lz -lpthread -licucore -lm -lblas -llapack -lgfortran -lpthread >&5
conftest.cpp: In function 'int main()':
conftest.cpp:21: warning: deprecated conversion from string constant to 'char*'
configure:3730: $? = 0
configure:3757: result: yes
configure:3779: "Using ITPP in /Users/shultz/jlab"
configure:3783: checking for itpp-config
configure:3802: found /Users/shultz/jlab/bin/itpp-config
configure:3814: result: /Users/shultz/jlab/bin/itpp-config
configure:3825: Found ITPP configuration program /Users/shultz/jlab/bin/itpp-config
configure:3829: ITPP compile flags:  -I/Users/shultz/jlab/include -DNDEBUG -O3 -pipe
configure:3833: ITPP libraries flags:  -L/Users/shultz/jlab/lib -litpp -llapack -lblas
configure:4069: creating ./config.status

## ---------------------- ##
## Running config.status. ##
## ---------------------- ##

This file was extended by reconfit config.status 1.0, which was
generated by GNU Autoconf 2.68.  Invocation command line was

  CONFIG_FILES    = 
  CONFIG_HEADERS  = 
  CONFIG_LINKS    = 
  CONFIG_COMMANDS = 
  $ ./config.status 

on dhcp-172-23-243-125.odu.edu

config.status:794: creating Makefile
config.status:794: creating src/Makefile
config.status:960: executing depfiles commands

## ---------------- ##
## Cache variables. ##
## ---------------- ##

ac_cv_c_compiler_gnu=yes
ac_cv_cxx_compiler_gnu=yes
ac_cv_env_CCC_set=
ac_cv_env_CCC_value=
ac_cv_env_CC_set=
ac_cv_env_CC_value=
ac_cv_env_CFLAGS_set=set
ac_cv_env_CFLAGS_value='-O3 -fargument-noalias-global -finline-limit=50000 -funroll-all-loops -fpeel-loops -march=nocona -fopenmp -DUSE_OMP'
ac_cv_env_CPPFLAGS_set=
ac_cv_env_CPPFLAGS_value=
ac_cv_env_CXXFLAGS_set=set
ac_cv_env_CXXFLAGS_value='-O3 -fargument-noalias-global -finline-limit=50000 -funroll-all-loops -fpeel-loops -march=nocona -fopenmp -DUSE_OMP'
ac_cv_env_CXX_set=
ac_cv_env_CXX_value=
ac_cv_env_LDFLAGS_set=
ac_cv_env_LDFLAGS_value=
ac_cv_env_LIBS_set=set
ac_cv_env_LIBS_value='-lblas -llapack -lgfortran -lpthread'
ac_cv_env_build_alias_set=
ac_cv_env_build_alias_value=
ac_cv_env_host_alias_set=
ac_cv_env_host_alias_value=
ac_cv_env_target_alias_set=
ac_cv_env_target_alias_value=
ac_cv_objext=o
ac_cv_path_ADAT_CONFIG=/Users/shultz/jlab/bin/adat-config
ac_cv_path_ITPP_CONFIG=/Users/shultz/jlab/bin/itpp-config
ac_cv_path_install='/usr/bin/install -c'
ac_cv_prog_AWK=gawk
ac_cv_prog_ac_ct_CC=gcc
ac_cv_prog_ac_ct_CXX=g++
ac_cv_prog_ac_ct_RANLIB=ranlib
ac_cv_prog_cc_c89=
ac_cv_prog_cc_g=yes
ac_cv_prog_cxx_g=yes
ac_cv_prog_make_make_set=yes
am_cv_CC_dependencies_compiler_type=gcc3
am_cv_CXX_dependencies_compiler_type=gcc3

## ----------------- ##
## Output variables. ##
## ----------------- ##

ACLOCAL='${SHELL} /Users/shultz/jlab/git/reconfit_svd/config/missing --run aclocal-1.9'
ADAT_CONFIG='/Users/shultz/jlab/bin/adat-config'
ADAT_CXXFLAGS='-O3 -fargument-noalias-global -finline-limit=50000 -funroll-all-loops -fpeel-loops -march=nocona -fopenmp -DUSE_OMP -I/Users/shultz/jlab/include -I/usr/include/libxml2'
ADAT_LDFLAGS='-L/Users/shultz/jlab/lib'
ADAT_LIBS='-ladat -lfiledb -lfilehash -lXPathReader -lxmlWriter -lMinuit2Base -lxml2 -lz -lpthread -licucore -lm -lblas -llapack -lgfortran -lpthread'
ADAT_MPI_COMMS_FALSE=''
ADAT_MPI_COMMS_TRUE='#'
ADAT_SINGLE_COMMS_FALSE='#'
ADAT_SINGLE_COMMS_TRUE=''
AMDEPBACKSLASH='\'
AMDEP_FALSE='#'
AMDEP_TRUE=''
AMTAR='${SHELL} /Users/shultz/jlab/git/reconfit_svd/config/missing --run tar'
AUTOCONF='${SHELL} /Users/shultz/jlab/git/reconfit_svd/config/missing --run autoconf'
AUTOHEADER='${SHELL} /Users/shultz/jlab/git/reconfit_svd/config/missing --run autoheader'
AUTOMAKE='${SHELL} /Users/shultz/jlab/git/reconfit_svd/config/missing --run automake-1.9'
AWK='gawk'
CC='gcc'
CCDEPMODE='depmode=gcc3'
CFLAGS='-O3 -fargument-noalias-global -finline-limit=50000 -funroll-all-loops -fpeel-loops -march=nocona -fopenmp -DUSE_OMP'
CPPFLAGS=''
CXX='g++'
CXXDEPMODE='depmode=gcc3'
CXXFLAGS='-O3 -fargument-noalias-global -finline-limit=50000 -funroll-all-loops -fpeel-loops -march=nocona -fopenmp -DUSE_OMP'
CYGPATH_W='echo'
DEFS='-DPACKAGE_NAME=\"reconfit\" -DPACKAGE_TARNAME=\"reconfit\" -DPACKAGE_VERSION=\"1.0\" -DPACKAGE_STRING=\"reconfit\ 1.0\" -DPACKAGE_BUGREPORT=\"edwards@jlab.org\" -DPACKAGE_URL=\"\" -DPACKAGE=\"reconfit\" -DVERSION=\"1.0\"'
DEPDIR='.deps'
ECHO_C='\c'
ECHO_N=''
ECHO_T=''
EXEEXT=''
INSTALL_DATA='${INSTALL} -m 644'
INSTALL_PROGRAM='${INSTALL}'
INSTALL_SCRIPT='${INSTALL}'
INSTALL_STRIP_PROGRAM='${SHELL} $(install_sh) -c -s'
ITPP_CONFIG='/Users/shultz/jlab/bin/itpp-config'
ITPP_CXXFLAGS=' -I/Users/shultz/jlab/include -DNDEBUG -O3 -pipe'
ITPP_LIBS=' -L/Users/shultz/jlab/lib -litpp -llapack -lblas'
LDFLAGS=''
LIBOBJS=''
LIBS='-lblas -llapack -lgfortran -lpthread'
LTLIBOBJS=''
MAKEINFO='${SHELL} /Users/shultz/jlab/git/reconfit_svd/config/missing --run makeinfo'
OBJEXT='o'
PACKAGE='reconfit'
PACKAGE_BUGREPORT='edwards@jlab.org'
PACKAGE_NAME='reconfit'
PACKAGE_STRING='reconfit 1.0'
PACKAGE_TARNAME='reconfit'
PACKAGE_URL=''
PACKAGE_VERSION='1.0'
PATH_SEPARATOR=':'
RANLIB='ranlib'
SET_MAKE=''
SHELL='/bin/sh'
STRIP=''
VERSION='1.0'
ac_ct_CC='gcc'
ac_ct_CXX='g++'
am__fastdepCC_FALSE='#'
am__fastdepCC_TRUE=''
am__fastdepCXX_FALSE='#'
am__fastdepCXX_TRUE=''
am__include='include'
am__leading_dot='.'
am__quote=''
am__tar='${AMTAR} chof - "$$tardir"'
am__untar='${AMTAR} xf -'
bindir='${exec_prefix}/bin'
build_alias=''
datadir='${datarootdir}'
datarootdir='${prefix}/share'
docdir='${datarootdir}/doc/${PACKAGE_TARNAME}'
dvidir='${docdir}'
exec_prefix='${prefix}'
host_alias=''
htmldir='${docdir}'
includedir='${prefix}/include'
infodir='${datarootdir}/info'
install_sh='/Users/shultz/jlab/git/reconfit_svd/config/install-sh'
libdir='${exec_prefix}/lib'
libexecdir='${exec_prefix}/libexec'
localedir='${datarootdir}/locale'
localstatedir='${prefix}/var'
mandir='${datarootdir}/man'
mkdir_p='$(mkinstalldirs)'
oldincludedir='/usr/include'
pdfdir='${docdir}'
prefix='/Users/shultz/jlab'
program_transform_name='s,x,x,'
psdir='${docdir}'
sbindir='${exec_prefix}/sbin'
sharedstatedir='${prefix}/com'
sysconfdir='${prefix}/etc'
target_alias=''

## ----------- ##
## confdefs.h. ##
## ----------- ##

/* confdefs.h */
#define PACKAGE_NAME "reconfit"
#define PACKAGE_TARNAME "reconfit"
#define PACKAGE_VERSION "1.0"
#define PACKAGE_STRING "reconfit 1.0"
#define PACKAGE_BUGREPORT "edwards@jlab.org"
#define PACKAGE_URL ""
#define PACKAGE "reconfit"
#define VERSION "1.0"

configure: exit 0

## ---------------------- ##
## Running config.status. ##
## ---------------------- ##

This file was extended by reconfit config.status 1.0, which was
generated by GNU Autoconf 2.68.  Invocation command line was

  CONFIG_FILES    = 
  CONFIG_HEADERS  = 
  CONFIG_LINKS    = 
  CONFIG_COMMANDS = 
  $ ./config.status src/Makefile depfiles

on dhcp-172-23-243-125.odu.edu

config.status:794: creating src/Makefile
config.status:960: executing depfiles commands
